The system is: Linux - 6.0.8-1-MANJARO - x86_64
Compiling the C compiler identification source file "CMakeCCompilerId.c" succeeded.
Compiler: /usr/bin/clang 
Build flags: 
Id flags:  

The output was:
0


Compilation of the C compiler identification source "CMakeCCompilerId.c" produced "a.out"

The C compiler identification is Clang, found in "/home/del/cpp/Tetris/build/CMakeFiles/3.24.3/CompilerIdC/a.out"

Compiling the CXX compiler identification source file "CMakeCXXCompilerId.cpp" succeeded.
Compiler: /usr/bin/clang++ 
Build flags: 
Id flags:  

The output was:
0


Compilation of the CXX compiler identification source "CMakeCXXCompilerId.cpp" produced "a.out"

The CXX compiler identification is Clang, found in "/home/del/cpp/Tetris/build/CMakeFiles/3.24.3/CompilerIdCXX/a.out"

Detecting C compiler ABI info compiled with the following output:
Change Dir: /home/del/cpp/Tetris/build/CMakeFiles/CMakeTmp

Run Build Command(s):/usr/bin/make -f Makefile cmTC_6c41b/fast && /usr/bin/make  -f CMakeFiles/cmTC_6c41b.dir/build.make CMakeFiles/cmTC_6c41b.dir/build
make[1]: Entering directory '/home/del/cpp/Tetris/build/CMakeFiles/CMakeTmp'
Building C object CMakeFiles/cmTC_6c41b.dir/CMakeCCompilerABI.c.o
/usr/bin/clang   -v -MD -MT CMakeFiles/cmTC_6c41b.dir/CMakeCCompilerABI.c.o -MF CMakeFiles/cmTC_6c41b.dir/CMakeCCompilerABI.c.o.d -o CMakeFiles/cmTC_6c41b.dir/CMakeCCompilerABI.c.o -c /usr/share/cmake/Modules/CMakeCCompilerABI.c
clang version 14.0.6
Target: x86_64-pc-linux-gnu
Thread model: posix
InstalledDir: /usr/bin
Found candidate GCC installation: /usr/bin/../lib/gcc/x86_64-pc-linux-gnu/12.2.0
Found candidate GCC installation: /usr/bin/../lib64/gcc/x86_64-pc-linux-gnu/12.2.0
Selected GCC installation: /usr/bin/../lib64/gcc/x86_64-pc-linux-gnu/12.2.0
Candidate multilib: .;@m64
Candidate multilib: 32;@m32
Selected multilib: .;@m64
 (in-process)
 "/usr/bin/clang-14" -cc1 -triple x86_64-pc-linux-gnu -emit-obj -mrelax-all --mrelax-relocations -disable-free -clear-ast-before-backend -disable-llvm-verifier -discard-value-names -main-file-name CMakeCCompilerABI.c -mrelocation-model pic -pic-level 2 -pic-is-pie -mframe-pointer=all -fmath-errno -ffp-contract=on -fno-rounding-math -mconstructor-aliases -funwind-tables=2 -target-cpu x86-64 -tune-cpu generic -mllvm -treat-scalable-fixed-error-as-warning -debugger-tuning=gdb -v -fcoverage-compilation-dir=/home/del/cpp/Tetris/build/CMakeFiles/CMakeTmp -resource-dir /usr/lib/clang/14.0.6 -dependency-file CMakeFiles/cmTC_6c41b.dir/CMakeCCompilerABI.c.o.d -MT CMakeFiles/cmTC_6c41b.dir/CMakeCCompilerABI.c.o -sys-header-deps -internal-isystem /usr/lib/clang/14.0.6/include -internal-isystem /usr/local/include -internal-isystem /usr/bin/../lib64/gcc/x86_64-pc-linux-gnu/12.2.0/../../../../x86_64-pc-linux-gnu/include -internal-externc-isystem /include -internal-externc-isystem /usr/include -fdebug-compilation-dir=/home/del/cpp/Tetris/build/CMakeFiles/CMakeTmp -ferror-limit 19 -stack-protector 2 -fgnuc-version=4.2.1 -faddrsig -D__GCC_HAVE_DWARF2_CFI_ASM=1 -o CMakeFiles/cmTC_6c41b.dir/CMakeCCompilerABI.c.o -x c /usr/share/cmake/Modules/CMakeCCompilerABI.c
clang -cc1 version 14.0.6 based upon LLVM 14.0.6 default target x86_64-pc-linux-gnu
ignoring nonexistent directory "/usr/bin/../lib64/gcc/x86_64-pc-linux-gnu/12.2.0/../../../../x86_64-pc-linux-gnu/include"
ignoring nonexistent directory "/include"
#include "..." search starts here:
#include <...> search starts here:
 /usr/lib/clang/14.0.6/include
 /usr/local/include
 /usr/include
End of search list.
Linking C executable cmTC_6c41b
/usr/bin/cmake -E cmake_link_script CMakeFiles/cmTC_6c41b.dir/link.txt --verbose=1
/usr/bin/clang  -v CMakeFiles/cmTC_6c41b.dir/CMakeCCompilerABI.c.o -o cmTC_6c41b 
clang version 14.0.6
Target: x86_64-pc-linux-gnu
Thread model: posix
InstalledDir: /usr/bin
Found candidate GCC installation: /usr/bin/../lib/gcc/x86_64-pc-linux-gnu/12.2.0
Found candidate GCC installation: /usr/bin/../lib64/gcc/x86_64-pc-linux-gnu/12.2.0
Selected GCC installation: /usr/bin/../lib64/gcc/x86_64-pc-linux-gnu/12.2.0
Candidate multilib: .;@m64
Candidate multilib: 32;@m32
Selected multilib: .;@m64
 "/usr/bin/ld" -pie --build-id --eh-frame-hdr -m elf_x86_64 -dynamic-linker /lib64/ld-linux-x86-64.so.2 -o cmTC_6c41b /usr/bin/../lib64/gcc/x86_64-pc-linux-gnu/12.2.0/../../../../lib64/Scrt1.o /usr/bin/../lib64/gcc/x86_64-pc-linux-gnu/12.2.0/../../../../lib64/crti.o /usr/bin/../lib64/gcc/x86_64-pc-linux-gnu/12.2.0/crtbeginS.o -L/usr/bin/../lib64/gcc/x86_64-pc-linux-gnu/12.2.0 -L/usr/bin/../lib64/gcc/x86_64-pc-linux-gnu/12.2.0/../../../../lib64 -L/lib/../lib64 -L/usr/lib/../lib64 -L/usr/bin/../lib -L/lib -L/usr/lib CMakeFiles/cmTC_6c41b.dir/CMakeCCompilerABI.c.o -lgcc --as-needed -lgcc_s --no-as-needed -lc -lgcc --as-needed -lgcc_s --no-as-needed /usr/bin/../lib64/gcc/x86_64-pc-linux-gnu/12.2.0/crtendS.o /usr/bin/../lib64/gcc/x86_64-pc-linux-gnu/12.2.0/../../../../lib64/crtn.o
make[1]: Leaving directory '/home/del/cpp/Tetris/build/CMakeFiles/CMakeTmp'



Parsed C implicit include dir info from above output: rv=done
  found start of include info
  found start of implicit include info
    add: [/usr/lib/clang/14.0.6/include]
    add: [/usr/local/include]
    add: [/usr/include]
  end of search list found
  collapse include dir [/usr/lib/clang/14.0.6/include] ==> [/usr/lib/clang/14.0.6/include]
  collapse include dir [/usr/local/include] ==> [/usr/local/include]
  collapse include dir [/usr/include] ==> [/usr/include]
  implicit include dirs: [/usr/lib/clang/14.0.6/include;/usr/local/include;/usr/include]


Parsed C implicit link information from above output:
  link line regex: [^( *|.*[/\])(ld|CMAKE_LINK_STARTFILE-NOTFOUND|([^/\]+-)?ld|collect2)[^/\]*( |$)]
  ignore line: [Change Dir: /home/del/cpp/Tetris/build/CMakeFiles/CMakeTmp]
  ignore line: []
  ignore line: [Run Build Command(s):/usr/bin/make -f Makefile cmTC_6c41b/fast && /usr/bin/make  -f CMakeFiles/cmTC_6c41b.dir/build.make CMakeFiles/cmTC_6c41b.dir/build]
  ignore line: [make[1]: Entering directory '/home/del/cpp/Tetris/build/CMakeFiles/CMakeTmp']
  ignore line: [Building C object CMakeFiles/cmTC_6c41b.dir/CMakeCCompilerABI.c.o]
  ignore line: [/usr/bin/clang   -v -MD -MT CMakeFiles/cmTC_6c41b.dir/CMakeCCompilerABI.c.o -MF CMakeFiles/cmTC_6c41b.dir/CMakeCCompilerABI.c.o.d -o CMakeFiles/cmTC_6c41b.dir/CMakeCCompilerABI.c.o -c /usr/share/cmake/Modules/CMakeCCompilerABI.c]
  ignore line: [clang version 14.0.6]
  ignore line: [Target: x86_64-pc-linux-gnu]
  ignore line: [Thread model: posix]
  ignore line: [InstalledDir: /usr/bin]
  ignore line: [Found candidate GCC installation: /usr/bin/../lib/gcc/x86_64-pc-linux-gnu/12.2.0]
  ignore line: [Found candidate GCC installation: /usr/bin/../lib64/gcc/x86_64-pc-linux-gnu/12.2.0]
  ignore line: [Selected GCC installation: /usr/bin/../lib64/gcc/x86_64-pc-linux-gnu/12.2.0]
  ignore line: [Candidate multilib: .]
  ignore line: [@m64]
  ignore line: [Candidate multilib: 32]
  ignore line: [@m32]
  ignore line: [Selected multilib: .]
  ignore line: [@m64]
  ignore line: [ (in-process)]
  ignore line: [ "/usr/bin/clang-14" -cc1 -triple x86_64-pc-linux-gnu -emit-obj -mrelax-all --mrelax-relocations -disable-free -clear-ast-before-backend -disable-llvm-verifier -discard-value-names -main-file-name CMakeCCompilerABI.c -mrelocation-model pic -pic-level 2 -pic-is-pie -mframe-pointer=all -fmath-errno -ffp-contract=on -fno-rounding-math -mconstructor-aliases -funwind-tables=2 -target-cpu x86-64 -tune-cpu generic -mllvm -treat-scalable-fixed-error-as-warning -debugger-tuning=gdb -v -fcoverage-compilation-dir=/home/del/cpp/Tetris/build/CMakeFiles/CMakeTmp -resource-dir /usr/lib/clang/14.0.6 -dependency-file CMakeFiles/cmTC_6c41b.dir/CMakeCCompilerABI.c.o.d -MT CMakeFiles/cmTC_6c41b.dir/CMakeCCompilerABI.c.o -sys-header-deps -internal-isystem /usr/lib/clang/14.0.6/include -internal-isystem /usr/local/include -internal-isystem /usr/bin/../lib64/gcc/x86_64-pc-linux-gnu/12.2.0/../../../../x86_64-pc-linux-gnu/include -internal-externc-isystem /include -internal-externc-isystem /usr/include -fdebug-compilation-dir=/home/del/cpp/Tetris/build/CMakeFiles/CMakeTmp -ferror-limit 19 -stack-protector 2 -fgnuc-version=4.2.1 -faddrsig -D__GCC_HAVE_DWARF2_CFI_ASM=1 -o CMakeFiles/cmTC_6c41b.dir/CMakeCCompilerABI.c.o -x c /usr/share/cmake/Modules/CMakeCCompilerABI.c]
  ignore line: [clang -cc1 version 14.0.6 based upon LLVM 14.0.6 default target x86_64-pc-linux-gnu]
  ignore line: [ignoring nonexistent directory "/usr/bin/../lib64/gcc/x86_64-pc-linux-gnu/12.2.0/../../../../x86_64-pc-linux-gnu/include"]
  ignore line: [ignoring nonexistent directory "/include"]
  ignore line: [#include "..." search starts here:]
  ignore line: [#include <...> search starts here:]
  ignore line: [ /usr/lib/clang/14.0.6/include]
  ignore line: [ /usr/local/include]
  ignore line: [ /usr/include]
  ignore line: [End of search list.]
  ignore line: [Linking C executable cmTC_6c41b]
  ignore line: [/usr/bin/cmake -E cmake_link_script CMakeFiles/cmTC_6c41b.dir/link.txt --verbose=1]
  ignore line: [/usr/bin/clang  -v CMakeFiles/cmTC_6c41b.dir/CMakeCCompilerABI.c.o -o cmTC_6c41b ]
  ignore line: [clang version 14.0.6]
  ignore line: [Target: x86_64-pc-linux-gnu]
  ignore line: [Thread model: posix]
  ignore line: [InstalledDir: /usr/bin]
  ignore line: [Found candidate GCC installation: /usr/bin/../lib/gcc/x86_64-pc-linux-gnu/12.2.0]
  ignore line: [Found candidate GCC installation: /usr/bin/../lib64/gcc/x86_64-pc-linux-gnu/12.2.0]
  ignore line: [Selected GCC installation: /usr/bin/../lib64/gcc/x86_64-pc-linux-gnu/12.2.0]
  ignore line: [Candidate multilib: .]
  ignore line: [@m64]
  ignore line: [Candidate multilib: 32]
  ignore line: [@m32]
  ignore line: [Selected multilib: .]
  ignore line: [@m64]
  link line: [ "/usr/bin/ld" -pie --build-id --eh-frame-hdr -m elf_x86_64 -dynamic-linker /lib64/ld-linux-x86-64.so.2 -o cmTC_6c41b /usr/bin/../lib64/gcc/x86_64-pc-linux-gnu/12.2.0/../../../../lib64/Scrt1.o /usr/bin/../lib64/gcc/x86_64-pc-linux-gnu/12.2.0/../../../../lib64/crti.o /usr/bin/../lib64/gcc/x86_64-pc-linux-gnu/12.2.0/crtbeginS.o -L/usr/bin/../lib64/gcc/x86_64-pc-linux-gnu/12.2.0 -L/usr/bin/../lib64/gcc/x86_64-pc-linux-gnu/12.2.0/../../../../lib64 -L/lib/../lib64 -L/usr/lib/../lib64 -L/usr/bin/../lib -L/lib -L/usr/lib CMakeFiles/cmTC_6c41b.dir/CMakeCCompilerABI.c.o -lgcc --as-needed -lgcc_s --no-as-needed -lc -lgcc --as-needed -lgcc_s --no-as-needed /usr/bin/../lib64/gcc/x86_64-pc-linux-gnu/12.2.0/crtendS.o /usr/bin/../lib64/gcc/x86_64-pc-linux-gnu/12.2.0/../../../../lib64/crtn.o]
    arg [/usr/bin/ld] ==> ignore
    arg [-pie] ==> ignore
    arg [--build-id] ==> ignore
    arg [--eh-frame-hdr] ==> ignore
    arg [-m] ==> ignore
    arg [elf_x86_64] ==> ignore
    arg [-dynamic-linker] ==> ignore
    arg [/lib64/ld-linux-x86-64.so.2] ==> ignore
    arg [-o] ==> ignore
    arg [cmTC_6c41b] ==> ignore
    arg [/usr/bin/../lib64/gcc/x86_64-pc-linux-gnu/12.2.0/../../../../lib64/Scrt1.o] ==> obj [/usr/bin/../lib64/gcc/x86_64-pc-linux-gnu/12.2.0/../../../../lib64/Scrt1.o]
    arg [/usr/bin/../lib64/gcc/x86_64-pc-linux-gnu/12.2.0/../../../../lib64/crti.o] ==> obj [/usr/bin/../lib64/gcc/x86_64-pc-linux-gnu/12.2.0/../../../../lib64/crti.o]
    arg [/usr/bin/../lib64/gcc/x86_64-pc-linux-gnu/12.2.0/crtbeginS.o] ==> obj [/usr/bin/../lib64/gcc/x86_64-pc-linux-gnu/12.2.0/crtbeginS.o]
    arg [-L/usr/bin/../lib64/gcc/x86_64-pc-linux-gnu/12.2.0] ==> dir [/usr/bin/../lib64/gcc/x86_64-pc-linux-gnu/12.2.0]
    arg [-L/usr/bin/../lib64/gcc/x86_64-pc-linux-gnu/12.2.0/../../../../lib64] ==> dir [/usr/bin/../lib64/gcc/x86_64-pc-linux-gnu/12.2.0/../../../../lib64]
    arg [-L/lib/../lib64] ==> dir [/lib/../lib64]
    arg [-L/usr/lib/../lib64] ==> dir [/usr/lib/../lib64]
    arg [-L/usr/bin/../lib] ==> dir [/usr/bin/../lib]
    arg [-L/lib] ==> dir [/lib]
    arg [-L/usr/lib] ==> dir [/usr/lib]
    arg [CMakeFiles/cmTC_6c41b.dir/CMakeCCompilerABI.c.o] ==> ignore
    arg [-lgcc] ==> lib [gcc]
    arg [--as-needed] ==> ignore
    arg [-lgcc_s] ==> lib [gcc_s]
    arg [--no-as-needed] ==> ignore
    arg [-lc] ==> lib [c]
    arg [-lgcc] ==> lib [gcc]
    arg [--as-needed] ==> ignore
    arg [-lgcc_s] ==> lib [gcc_s]
    arg [--no-as-needed] ==> ignore
    arg [/usr/bin/../lib64/gcc/x86_64-pc-linux-gnu/12.2.0/crtendS.o] ==> obj [/usr/bin/../lib64/gcc/x86_64-pc-linux-gnu/12.2.0/crtendS.o]
    arg [/usr/bin/../lib64/gcc/x86_64-pc-linux-gnu/12.2.0/../../../../lib64/crtn.o] ==> obj [/usr/bin/../lib64/gcc/x86_64-pc-linux-gnu/12.2.0/../../../../lib64/crtn.o]
  collapse obj [/usr/bin/../lib64/gcc/x86_64-pc-linux-gnu/12.2.0/../../../../lib64/Scrt1.o] ==> [/usr/lib64/Scrt1.o]
  collapse obj [/usr/bin/../lib64/gcc/x86_64-pc-linux-gnu/12.2.0/../../../../lib64/crti.o] ==> [/usr/lib64/crti.o]
  collapse obj [/usr/bin/../lib64/gcc/x86_64-pc-linux-gnu/12.2.0/crtbeginS.o] ==> [/usr/lib64/gcc/x86_64-pc-linux-gnu/12.2.0/crtbeginS.o]
  collapse obj [/usr/bin/../lib64/gcc/x86_64-pc-linux-gnu/12.2.0/crtendS.o] ==> [/usr/lib64/gcc/x86_64-pc-linux-gnu/12.2.0/crtendS.o]
  collapse obj [/usr/bin/../lib64/gcc/x86_64-pc-linux-gnu/12.2.0/../../../../lib64/crtn.o] ==> [/usr/lib64/crtn.o]
  collapse library dir [/usr/bin/../lib64/gcc/x86_64-pc-linux-gnu/12.2.0] ==> [/usr/lib64/gcc/x86_64-pc-linux-gnu/12.2.0]
  collapse library dir [/usr/bin/../lib64/gcc/x86_64-pc-linux-gnu/12.2.0/../../../../lib64] ==> [/usr/lib64]
  collapse library dir [/lib/../lib64] ==> [/lib64]
  collapse library dir [/usr/lib/../lib64] ==> [/usr/lib64]
  collapse library dir [/usr/bin/../lib] ==> [/usr/lib]
  collapse library dir [/lib] ==> [/lib]
  collapse library dir [/usr/lib] ==> [/usr/lib]
  implicit libs: [gcc;gcc_s;c;gcc;gcc_s]
  implicit objs: [/usr/lib64/Scrt1.o;/usr/lib64/crti.o;/usr/lib64/gcc/x86_64-pc-linux-gnu/12.2.0/crtbeginS.o;/usr/lib64/gcc/x86_64-pc-linux-gnu/12.2.0/crtendS.o;/usr/lib64/crtn.o]
  implicit dirs: [/usr/lib64/gcc/x86_64-pc-linux-gnu/12.2.0;/usr/lib64;/lib64;/usr/lib;/lib]
  implicit fwks: []


Detecting CXX compiler ABI info compiled with the following output:
Change Dir: /home/del/cpp/Tetris/build/CMakeFiles/CMakeTmp

Run Build Command(s):/usr/bin/make -f Makefile cmTC_ce156/fast && /usr/bin/make  -f CMakeFiles/cmTC_ce156.dir/build.make CMakeFiles/cmTC_ce156.dir/build
make[1]: Entering directory '/home/del/cpp/Tetris/build/CMakeFiles/CMakeTmp'
Building CXX object CMakeFiles/cmTC_ce156.dir/CMakeCXXCompilerABI.cpp.o
/usr/bin/clang++   -v -MD -MT CMakeFiles/cmTC_ce156.dir/CMakeCXXCompilerABI.cpp.o -MF CMakeFiles/cmTC_ce156.dir/CMakeCXXCompilerABI.cpp.o.d -o CMakeFiles/cmTC_ce156.dir/CMakeCXXCompilerABI.cpp.o -c /usr/share/cmake/Modules/CMakeCXXCompilerABI.cpp
clang version 14.0.6
Target: x86_64-pc-linux-gnu
Thread model: posix
InstalledDir: /usr/bin
Found candidate GCC installation: /usr/bin/../lib/gcc/x86_64-pc-linux-gnu/12.2.0
Found candidate GCC installation: /usr/bin/../lib64/gcc/x86_64-pc-linux-gnu/12.2.0
Selected GCC installation: /usr/bin/../lib64/gcc/x86_64-pc-linux-gnu/12.2.0
Candidate multilib: .;@m64
Candidate multilib: 32;@m32
Selected multilib: .;@m64
 (in-process)
 "/usr/bin/clang-14" -cc1 -triple x86_64-pc-linux-gnu -emit-obj -mrelax-all --mrelax-relocations -disable-free -clear-ast-before-backend -disable-llvm-verifier -discard-value-names -main-file-name CMakeCXXCompilerABI.cpp -mrelocation-model pic -pic-level 2 -pic-is-pie -mframe-pointer=all -fmath-errno -ffp-contract=on -fno-rounding-math -mconstructor-aliases -funwind-tables=2 -target-cpu x86-64 -tune-cpu generic -mllvm -treat-scalable-fixed-error-as-warning -debugger-tuning=gdb -v -fcoverage-compilation-dir=/home/del/cpp/Tetris/build/CMakeFiles/CMakeTmp -resource-dir /usr/lib/clang/14.0.6 -dependency-file CMakeFiles/cmTC_ce156.dir/CMakeCXXCompilerABI.cpp.o.d -MT CMakeFiles/cmTC_ce156.dir/CMakeCXXCompilerABI.cpp.o -sys-header-deps -internal-isystem /usr/bin/../lib64/gcc/x86_64-pc-linux-gnu/12.2.0/../../../../include/c++/12.2.0 -internal-isystem /usr/bin/../lib64/gcc/x86_64-pc-linux-gnu/12.2.0/../../../../include/c++/12.2.0/x86_64-pc-linux-gnu -internal-isystem /usr/bin/../lib64/gcc/x86_64-pc-linux-gnu/12.2.0/../../../../include/c++/12.2.0/backward -internal-isystem /usr/lib/clang/14.0.6/include -internal-isystem /usr/local/include -internal-isystem /usr/bin/../lib64/gcc/x86_64-pc-linux-gnu/12.2.0/../../../../x86_64-pc-linux-gnu/include -internal-externc-isystem /include -internal-externc-isystem /usr/include -fdeprecated-macro -fdebug-compilation-dir=/home/del/cpp/Tetris/build/CMakeFiles/CMakeTmp -ferror-limit 19 -stack-protector 2 -fgnuc-version=4.2.1 -fcxx-exceptions -fexceptions -faddrsig -D__GCC_HAVE_DWARF2_CFI_ASM=1 -o CMakeFiles/cmTC_ce156.dir/CMakeCXXCompilerABI.cpp.o -x c++ /usr/share/cmake/Modules/CMakeCXXCompilerABI.cpp
clang -cc1 version 14.0.6 based upon LLVM 14.0.6 default target x86_64-pc-linux-gnu
ignoring nonexistent directory "/usr/bin/../lib64/gcc/x86_64-pc-linux-gnu/12.2.0/../../../../x86_64-pc-linux-gnu/include"
ignoring nonexistent directory "/include"
#include "..." search starts here:
#include <...> search starts here:
 /usr/bin/../lib64/gcc/x86_64-pc-linux-gnu/12.2.0/../../../../include/c++/12.2.0
 /usr/bin/../lib64/gcc/x86_64-pc-linux-gnu/12.2.0/../../../../include/c++/12.2.0/x86_64-pc-linux-gnu
 /usr/bin/../lib64/gcc/x86_64-pc-linux-gnu/12.2.0/../../../../include/c++/12.2.0/backward
 /usr/lib/clang/14.0.6/include
 /usr/local/include
 /usr/include
End of search list.
Linking CXX executable cmTC_ce156
/usr/bin/cmake -E cmake_link_script CMakeFiles/cmTC_ce156.dir/link.txt --verbose=1
/usr/bin/clang++  -v CMakeFiles/cmTC_ce156.dir/CMakeCXXCompilerABI.cpp.o -o cmTC_ce156 
clang version 14.0.6
Target: x86_64-pc-linux-gnu
Thread model: posix
InstalledDir: /usr/bin
Found candidate GCC installation: /usr/bin/../lib/gcc/x86_64-pc-linux-gnu/12.2.0
Found candidate GCC installation: /usr/bin/../lib64/gcc/x86_64-pc-linux-gnu/12.2.0
Selected GCC installation: /usr/bin/../lib64/gcc/x86_64-pc-linux-gnu/12.2.0
Candidate multilib: .;@m64
Candidate multilib: 32;@m32
Selected multilib: .;@m64
 "/usr/bin/ld" -pie --build-id --eh-frame-hdr -m elf_x86_64 -dynamic-linker /lib64/ld-linux-x86-64.so.2 -o cmTC_ce156 /usr/bin/../lib64/gcc/x86_64-pc-linux-gnu/12.2.0/../../../../lib64/Scrt1.o /usr/bin/../lib64/gcc/x86_64-pc-linux-gnu/12.2.0/../../../../lib64/crti.o /usr/bin/../lib64/gcc/x86_64-pc-linux-gnu/12.2.0/crtbeginS.o -L/usr/bin/../lib64/gcc/x86_64-pc-linux-gnu/12.2.0 -L/usr/bin/../lib64/gcc/x86_64-pc-linux-gnu/12.2.0/../../../../lib64 -L/lib/../lib64 -L/usr/lib/../lib64 -L/usr/bin/../lib -L/lib -L/usr/lib CMakeFiles/cmTC_ce156.dir/CMakeCXXCompilerABI.cpp.o -lstdc++ -lm -lgcc_s -lgcc -lc -lgcc_s -lgcc /usr/bin/../lib64/gcc/x86_64-pc-linux-gnu/12.2.0/crtendS.o /usr/bin/../lib64/gcc/x86_64-pc-linux-gnu/12.2.0/../../../../lib64/crtn.o
make[1]: Leaving directory '/home/del/cpp/Tetris/build/CMakeFiles/CMakeTmp'



Parsed CXX implicit include dir info from above output: rv=done
  found start of include info
  found start of implicit include info
    add: [/usr/bin/../lib64/gcc/x86_64-pc-linux-gnu/12.2.0/../../../../include/c++/12.2.0]
    add: [/usr/bin/../lib64/gcc/x86_64-pc-linux-gnu/12.2.0/../../../../include/c++/12.2.0/x86_64-pc-linux-gnu]
    add: [/usr/bin/../lib64/gcc/x86_64-pc-linux-gnu/12.2.0/../../../../include/c++/12.2.0/backward]
    add: [/usr/lib/clang/14.0.6/include]
    add: [/usr/local/include]
    add: [/usr/include]
  end of search list found
  collapse include dir [/usr/bin/../lib64/gcc/x86_64-pc-linux-gnu/12.2.0/../../../../include/c++/12.2.0] ==> [/usr/include/c++/12.2.0]
  collapse include dir [/usr/bin/../lib64/gcc/x86_64-pc-linux-gnu/12.2.0/../../../../include/c++/12.2.0/x86_64-pc-linux-gnu] ==> [/usr/include/c++/12.2.0/x86_64-pc-linux-gnu]
  collapse include dir [/usr/bin/../lib64/gcc/x86_64-pc-linux-gnu/12.2.0/../../../../include/c++/12.2.0/backward] ==> [/usr/include/c++/12.2.0/backward]
  collapse include dir [/usr/lib/clang/14.0.6/include] ==> [/usr/lib/clang/14.0.6/include]
  collapse include dir [/usr/local/include] ==> [/usr/local/include]
  collapse include dir [/usr/include] ==> [/usr/include]
  implicit include dirs: [/usr/include/c++/12.2.0;/usr/include/c++/12.2.0/x86_64-pc-linux-gnu;/usr/include/c++/12.2.0/backward;/usr/lib/clang/14.0.6/include;/usr/local/include;/usr/include]


Parsed CXX implicit link information from above output:
  link line regex: [^( *|.*[/\])(ld|CMAKE_LINK_STARTFILE-NOTFOUND|([^/\]+-)?ld|collect2)[^/\]*( |$)]
  ignore line: [Change Dir: /home/del/cpp/Tetris/build/CMakeFiles/CMakeTmp]
  ignore line: []
  ignore line: [Run Build Command(s):/usr/bin/make -f Makefile cmTC_ce156/fast && /usr/bin/make  -f CMakeFiles/cmTC_ce156.dir/build.make CMakeFiles/cmTC_ce156.dir/build]
  ignore line: [make[1]: Entering directory '/home/del/cpp/Tetris/build/CMakeFiles/CMakeTmp']
  ignore line: [Building CXX object CMakeFiles/cmTC_ce156.dir/CMakeCXXCompilerABI.cpp.o]
  ignore line: [/usr/bin/clang++   -v -MD -MT CMakeFiles/cmTC_ce156.dir/CMakeCXXCompilerABI.cpp.o -MF CMakeFiles/cmTC_ce156.dir/CMakeCXXCompilerABI.cpp.o.d -o CMakeFiles/cmTC_ce156.dir/CMakeCXXCompilerABI.cpp.o -c /usr/share/cmake/Modules/CMakeCXXCompilerABI.cpp]
  ignore line: [clang version 14.0.6]
  ignore line: [Target: x86_64-pc-linux-gnu]
  ignore line: [Thread model: posix]
  ignore line: [InstalledDir: /usr/bin]
  ignore line: [Found candidate GCC installation: /usr/bin/../lib/gcc/x86_64-pc-linux-gnu/12.2.0]
  ignore line: [Found candidate GCC installation: /usr/bin/../lib64/gcc/x86_64-pc-linux-gnu/12.2.0]
  ignore line: [Selected GCC installation: /usr/bin/../lib64/gcc/x86_64-pc-linux-gnu/12.2.0]
  ignore line: [Candidate multilib: .]
  ignore line: [@m64]
  ignore line: [Candidate multilib: 32]
  ignore line: [@m32]
  ignore line: [Selected multilib: .]
  ignore line: [@m64]
  ignore line: [ (in-process)]
  ignore line: [ "/usr/bin/clang-14" -cc1 -triple x86_64-pc-linux-gnu -emit-obj -mrelax-all --mrelax-relocations -disable-free -clear-ast-before-backend -disable-llvm-verifier -discard-value-names -main-file-name CMakeCXXCompilerABI.cpp -mrelocation-model pic -pic-level 2 -pic-is-pie -mframe-pointer=all -fmath-errno -ffp-contract=on -fno-rounding-math -mconstructor-aliases -funwind-tables=2 -target-cpu x86-64 -tune-cpu generic -mllvm -treat-scalable-fixed-error-as-warning -debugger-tuning=gdb -v -fcoverage-compilation-dir=/home/del/cpp/Tetris/build/CMakeFiles/CMakeTmp -resource-dir /usr/lib/clang/14.0.6 -dependency-file CMakeFiles/cmTC_ce156.dir/CMakeCXXCompilerABI.cpp.o.d -MT CMakeFiles/cmTC_ce156.dir/CMakeCXXCompilerABI.cpp.o -sys-header-deps -internal-isystem /usr/bin/../lib64/gcc/x86_64-pc-linux-gnu/12.2.0/../../../../include/c++/12.2.0 -internal-isystem /usr/bin/../lib64/gcc/x86_64-pc-linux-gnu/12.2.0/../../../../include/c++/12.2.0/x86_64-pc-linux-gnu -internal-isystem /usr/bin/../lib64/gcc/x86_64-pc-linux-gnu/12.2.0/../../../../include/c++/12.2.0/backward -internal-isystem /usr/lib/clang/14.0.6/include -internal-isystem /usr/local/include -internal-isystem /usr/bin/../lib64/gcc/x86_64-pc-linux-gnu/12.2.0/../../../../x86_64-pc-linux-gnu/include -internal-externc-isystem /include -internal-externc-isystem /usr/include -fdeprecated-macro -fdebug-compilation-dir=/home/del/cpp/Tetris/build/CMakeFiles/CMakeTmp -ferror-limit 19 -stack-protector 2 -fgnuc-version=4.2.1 -fcxx-exceptions -fexceptions -faddrsig -D__GCC_HAVE_DWARF2_CFI_ASM=1 -o CMakeFiles/cmTC_ce156.dir/CMakeCXXCompilerABI.cpp.o -x c++ /usr/share/cmake/Modules/CMakeCXXCompilerABI.cpp]
  ignore line: [clang -cc1 version 14.0.6 based upon LLVM 14.0.6 default target x86_64-pc-linux-gnu]
  ignore line: [ignoring nonexistent directory "/usr/bin/../lib64/gcc/x86_64-pc-linux-gnu/12.2.0/../../../../x86_64-pc-linux-gnu/include"]
  ignore line: [ignoring nonexistent directory "/include"]
  ignore line: [#include "..." search starts here:]
  ignore line: [#include <...> search starts here:]
  ignore line: [ /usr/bin/../lib64/gcc/x86_64-pc-linux-gnu/12.2.0/../../../../include/c++/12.2.0]
  ignore line: [ /usr/bin/../lib64/gcc/x86_64-pc-linux-gnu/12.2.0/../../../../include/c++/12.2.0/x86_64-pc-linux-gnu]
  ignore line: [ /usr/bin/../lib64/gcc/x86_64-pc-linux-gnu/12.2.0/../../../../include/c++/12.2.0/backward]
  ignore line: [ /usr/lib/clang/14.0.6/include]
  ignore line: [ /usr/local/include]
  ignore line: [ /usr/include]
  ignore line: [End of search list.]
  ignore line: [Linking CXX executable cmTC_ce156]
  ignore line: [/usr/bin/cmake -E cmake_link_script CMakeFiles/cmTC_ce156.dir/link.txt --verbose=1]
  ignore line: [/usr/bin/clang++  -v CMakeFiles/cmTC_ce156.dir/CMakeCXXCompilerABI.cpp.o -o cmTC_ce156 ]
  ignore line: [clang version 14.0.6]
  ignore line: [Target: x86_64-pc-linux-gnu]
  ignore line: [Thread model: posix]
  ignore line: [InstalledDir: /usr/bin]
  ignore line: [Found candidate GCC installation: /usr/bin/../lib/gcc/x86_64-pc-linux-gnu/12.2.0]
  ignore line: [Found candidate GCC installation: /usr/bin/../lib64/gcc/x86_64-pc-linux-gnu/12.2.0]
  ignore line: [Selected GCC installation: /usr/bin/../lib64/gcc/x86_64-pc-linux-gnu/12.2.0]
  ignore line: [Candidate multilib: .]
  ignore line: [@m64]
  ignore line: [Candidate multilib: 32]
  ignore line: [@m32]
  ignore line: [Selected multilib: .]
  ignore line: [@m64]
  link line: [ "/usr/bin/ld" -pie --build-id --eh-frame-hdr -m elf_x86_64 -dynamic-linker /lib64/ld-linux-x86-64.so.2 -o cmTC_ce156 /usr/bin/../lib64/gcc/x86_64-pc-linux-gnu/12.2.0/../../../../lib64/Scrt1.o /usr/bin/../lib64/gcc/x86_64-pc-linux-gnu/12.2.0/../../../../lib64/crti.o /usr/bin/../lib64/gcc/x86_64-pc-linux-gnu/12.2.0/crtbeginS.o -L/usr/bin/../lib64/gcc/x86_64-pc-linux-gnu/12.2.0 -L/usr/bin/../lib64/gcc/x86_64-pc-linux-gnu/12.2.0/../../../../lib64 -L/lib/../lib64 -L/usr/lib/../lib64 -L/usr/bin/../lib -L/lib -L/usr/lib CMakeFiles/cmTC_ce156.dir/CMakeCXXCompilerABI.cpp.o -lstdc++ -lm -lgcc_s -lgcc -lc -lgcc_s -lgcc /usr/bin/../lib64/gcc/x86_64-pc-linux-gnu/12.2.0/crtendS.o /usr/bin/../lib64/gcc/x86_64-pc-linux-gnu/12.2.0/../../../../lib64/crtn.o]
    arg [/usr/bin/ld] ==> ignore
    arg [-pie] ==> ignore
    arg [--build-id] ==> ignore
    arg [--eh-frame-hdr] ==> ignore
    arg [-m] ==> ignore
    arg [elf_x86_64] ==> ignore
    arg [-dynamic-linker] ==> ignore
    arg [/lib64/ld-linux-x86-64.so.2] ==> ignore
    arg [-o] ==> ignore
    arg [cmTC_ce156] ==> ignore
    arg [/usr/bin/../lib64/gcc/x86_64-pc-linux-gnu/12.2.0/../../../../lib64/Scrt1.o] ==> obj [/usr/bin/../lib64/gcc/x86_64-pc-linux-gnu/12.2.0/../../../../lib64/Scrt1.o]
    arg [/usr/bin/../lib64/gcc/x86_64-pc-linux-gnu/12.2.0/../../../../lib64/crti.o] ==> obj [/usr/bin/../lib64/gcc/x86_64-pc-linux-gnu/12.2.0/../../../../lib64/crti.o]
    arg [/usr/bin/../lib64/gcc/x86_64-pc-linux-gnu/12.2.0/crtbeginS.o] ==> obj [/usr/bin/../lib64/gcc/x86_64-pc-linux-gnu/12.2.0/crtbeginS.o]
    arg [-L/usr/bin/../lib64/gcc/x86_64-pc-linux-gnu/12.2.0] ==> dir [/usr/bin/../lib64/gcc/x86_64-pc-linux-gnu/12.2.0]
    arg [-L/usr/bin/../lib64/gcc/x86_64-pc-linux-gnu/12.2.0/../../../../lib64] ==> dir [/usr/bin/../lib64/gcc/x86_64-pc-linux-gnu/12.2.0/../../../../lib64]
    arg [-L/lib/../lib64] ==> dir [/lib/../lib64]
    arg [-L/usr/lib/../lib64] ==> dir [/usr/lib/../lib64]
    arg [-L/usr/bin/../lib] ==> dir [/usr/bin/../lib]
    arg [-L/lib] ==> dir [/lib]
    arg [-L/usr/lib] ==> dir [/usr/lib]
    arg [CMakeFiles/cmTC_ce156.dir/CMakeCXXCompilerABI.cpp.o] ==> ignore
    arg [-lstdc++] ==> lib [stdc++]
    arg [-lm] ==> lib [m]
    arg [-lgcc_s] ==> lib [gcc_s]
    arg [-lgcc] ==> lib [gcc]
    arg [-lc] ==> lib [c]
    arg [-lgcc_s] ==> lib [gcc_s]
    arg [-lgcc] ==> lib [gcc]
    arg [/usr/bin/../lib64/gcc/x86_64-pc-linux-gnu/12.2.0/crtendS.o] ==> obj [/usr/bin/../lib64/gcc/x86_64-pc-linux-gnu/12.2.0/crtendS.o]
    arg [/usr/bin/../lib64/gcc/x86_64-pc-linux-gnu/12.2.0/../../../../lib64/crtn.o] ==> obj [/usr/bin/../lib64/gcc/x86_64-pc-linux-gnu/12.2.0/../../../../lib64/crtn.o]
  collapse obj [/usr/bin/../lib64/gcc/x86_64-pc-linux-gnu/12.2.0/../../../../lib64/Scrt1.o] ==> [/usr/lib64/Scrt1.o]
  collapse obj [/usr/bin/../lib64/gcc/x86_64-pc-linux-gnu/12.2.0/../../../../lib64/crti.o] ==> [/usr/lib64/crti.o]
  collapse obj [/usr/bin/../lib64/gcc/x86_64-pc-linux-gnu/12.2.0/crtbeginS.o] ==> [/usr/lib64/gcc/x86_64-pc-linux-gnu/12.2.0/crtbeginS.o]
  collapse obj [/usr/bin/../lib64/gcc/x86_64-pc-linux-gnu/12.2.0/crtendS.o] ==> [/usr/lib64/gcc/x86_64-pc-linux-gnu/12.2.0/crtendS.o]
  collapse obj [/usr/bin/../lib64/gcc/x86_64-pc-linux-gnu/12.2.0/../../../../lib64/crtn.o] ==> [/usr/lib64/crtn.o]
  collapse library dir [/usr/bin/../lib64/gcc/x86_64-pc-linux-gnu/12.2.0] ==> [/usr/lib64/gcc/x86_64-pc-linux-gnu/12.2.0]
  collapse library dir [/usr/bin/../lib64/gcc/x86_64-pc-linux-gnu/12.2.0/../../../../lib64] ==> [/usr/lib64]
  collapse library dir [/lib/../lib64] ==> [/lib64]
  collapse library dir [/usr/lib/../lib64] ==> [/usr/lib64]
  collapse library dir [/usr/bin/../lib] ==> [/usr/lib]
  collapse library dir [/lib] ==> [/lib]
  collapse library dir [/usr/lib] ==> [/usr/lib]
  implicit libs: [stdc++;m;gcc_s;gcc;c;gcc_s;gcc]
  implicit objs: [/usr/lib64/Scrt1.o;/usr/lib64/crti.o;/usr/lib64/gcc/x86_64-pc-linux-gnu/12.2.0/crtbeginS.o;/usr/lib64/gcc/x86_64-pc-linux-gnu/12.2.0/crtendS.o;/usr/lib64/crtn.o]
  implicit dirs: [/usr/lib64/gcc/x86_64-pc-linux-gnu/12.2.0;/usr/lib64;/lib64;/usr/lib;/lib]
  implicit fwks: []


Performing C SOURCE FILE Test COMPILER_HAS_THOSE_TOGGLES succeeded with the following output:
Change Dir: /home/del/cpp/Tetris/build/CMakeFiles/CMakeTmp

Run Build Command(s):/usr/bin/make -f Makefile cmTC_c45b2/fast && make[1]: Entering directory '/home/del/cpp/Tetris/build/CMakeFiles/CMakeTmp'
/usr/bin/make  -f CMakeFiles/cmTC_c45b2.dir/build.make CMakeFiles/cmTC_c45b2.dir/build
make[2]: Entering directory '/home/del/cpp/Tetris/build/CMakeFiles/CMakeTmp'
Building C object CMakeFiles/cmTC_c45b2.dir/src.c.o
/usr/bin/clang -DCOMPILER_HAS_THOSE_TOGGLES  -Werror=pointer-arith -MD -MT CMakeFiles/cmTC_c45b2.dir/src.c.o -MF CMakeFiles/cmTC_c45b2.dir/src.c.o.d -o CMakeFiles/cmTC_c45b2.dir/src.c.o -c /home/del/cpp/Tetris/build/CMakeFiles/CMakeTmp/src.c
Linking C executable cmTC_c45b2
/usr/bin/cmake -E cmake_link_script CMakeFiles/cmTC_c45b2.dir/link.txt --verbose=1
/usr/bin/clang -rdynamic CMakeFiles/cmTC_c45b2.dir/src.c.o -o cmTC_c45b2 
make[2]: Leaving directory '/home/del/cpp/Tetris/build/CMakeFiles/CMakeTmp'
make[1]: Leaving directory '/home/del/cpp/Tetris/build/CMakeFiles/CMakeTmp'


Source file was:
int main(void) { return 0; }
Performing C SOURCE FILE Test CMAKE_HAVE_LIBC_PTHREAD succeeded with the following output:
Change Dir: /home/del/cpp/Tetris/build/CMakeFiles/CMakeTmp

Run Build Command(s):/usr/bin/make -f Makefile cmTC_833bc/fast && make[1]: Entering directory '/home/del/cpp/Tetris/build/CMakeFiles/CMakeTmp'
/usr/bin/make  -f CMakeFiles/cmTC_833bc.dir/build.make CMakeFiles/cmTC_833bc.dir/build
make[2]: Entering directory '/home/del/cpp/Tetris/build/CMakeFiles/CMakeTmp'
Building C object CMakeFiles/cmTC_833bc.dir/src.c.o
/usr/bin/clang -DCMAKE_HAVE_LIBC_PTHREAD  -fno-strict-aliasing -Werror=implicit-function-declaration -Werror=pointer-arith   -MD -MT CMakeFiles/cmTC_833bc.dir/src.c.o -MF CMakeFiles/cmTC_833bc.dir/src.c.o.d -o CMakeFiles/cmTC_833bc.dir/src.c.o -c /home/del/cpp/Tetris/build/CMakeFiles/CMakeTmp/src.c
Linking C executable cmTC_833bc
/usr/bin/cmake -E cmake_link_script CMakeFiles/cmTC_833bc.dir/link.txt --verbose=1
/usr/bin/clang -fno-strict-aliasing -Werror=implicit-function-declaration -Werror=pointer-arith   -rdynamic CMakeFiles/cmTC_833bc.dir/src.c.o -o cmTC_833bc 
make[2]: Leaving directory '/home/del/cpp/Tetris/build/CMakeFiles/CMakeTmp'
make[1]: Leaving directory '/home/del/cpp/Tetris/build/CMakeFiles/CMakeTmp'


Source file was:
#include <pthread.h>

static void* test_func(void* data)
{
  return data;
}

int main(void)
{
  pthread_t thread;
  pthread_create(&thread, NULL, test_func, NULL);
  pthread_detach(thread);
  pthread_cancel(thread);
  pthread_join(thread, NULL);
  pthread_atfork(NULL, NULL, NULL);
  pthread_exit(NULL);

  return 0;
}

Determining if the function XOpenDisplay exists in the /usr/lib/libX11.so;/usr/lib/libXext.so passed with the following output:
Change Dir: /home/del/cpp/Tetris/build/CMakeFiles/CMakeTmp

Run Build Command(s):/usr/bin/make -f Makefile cmTC_b14b6/fast && make[1]: Entering directory '/home/del/cpp/Tetris/build/CMakeFiles/CMakeTmp'
/usr/bin/make  -f CMakeFiles/cmTC_b14b6.dir/build.make CMakeFiles/cmTC_b14b6.dir/build
make[2]: Entering directory '/home/del/cpp/Tetris/build/CMakeFiles/CMakeTmp'
Building C object CMakeFiles/cmTC_b14b6.dir/CheckFunctionExists.c.o
/usr/bin/clang   -fno-strict-aliasing -Werror=implicit-function-declaration -Werror=pointer-arith  -DCHECK_FUNCTION_EXISTS=XOpenDisplay -std=gnu99 -MD -MT CMakeFiles/cmTC_b14b6.dir/CheckFunctionExists.c.o -MF CMakeFiles/cmTC_b14b6.dir/CheckFunctionExists.c.o.d -o CMakeFiles/cmTC_b14b6.dir/CheckFunctionExists.c.o -c /usr/share/cmake/Modules/CheckFunctionExists.c
Linking C executable cmTC_b14b6
/usr/bin/cmake -E cmake_link_script CMakeFiles/cmTC_b14b6.dir/link.txt --verbose=1
/usr/bin/clang -fno-strict-aliasing -Werror=implicit-function-declaration -Werror=pointer-arith  -DCHECK_FUNCTION_EXISTS=XOpenDisplay CMakeFiles/cmTC_b14b6.dir/CheckFunctionExists.c.o -o cmTC_b14b6  /usr/lib/libX11.so /usr/lib/libXext.so 
make[2]: Leaving directory '/home/del/cpp/Tetris/build/CMakeFiles/CMakeTmp'
make[1]: Leaving directory '/home/del/cpp/Tetris/build/CMakeFiles/CMakeTmp'



Determining if the function gethostbyname exists passed with the following output:
Change Dir: /home/del/cpp/Tetris/build/CMakeFiles/CMakeTmp

Run Build Command(s):/usr/bin/make -f Makefile cmTC_ff8c1/fast && make[1]: Entering directory '/home/del/cpp/Tetris/build/CMakeFiles/CMakeTmp'
/usr/bin/make  -f CMakeFiles/cmTC_ff8c1.dir/build.make CMakeFiles/cmTC_ff8c1.dir/build
make[2]: Entering directory '/home/del/cpp/Tetris/build/CMakeFiles/CMakeTmp'
Building C object CMakeFiles/cmTC_ff8c1.dir/CheckFunctionExists.c.o
/usr/bin/clang   -fno-strict-aliasing -Werror=implicit-function-declaration -Werror=pointer-arith  -DCHECK_FUNCTION_EXISTS=gethostbyname -std=gnu99 -MD -MT CMakeFiles/cmTC_ff8c1.dir/CheckFunctionExists.c.o -MF CMakeFiles/cmTC_ff8c1.dir/CheckFunctionExists.c.o.d -o CMakeFiles/cmTC_ff8c1.dir/CheckFunctionExists.c.o -c /usr/share/cmake/Modules/CheckFunctionExists.c
Linking C executable cmTC_ff8c1
/usr/bin/cmake -E cmake_link_script CMakeFiles/cmTC_ff8c1.dir/link.txt --verbose=1
/usr/bin/clang -fno-strict-aliasing -Werror=implicit-function-declaration -Werror=pointer-arith  -DCHECK_FUNCTION_EXISTS=gethostbyname CMakeFiles/cmTC_ff8c1.dir/CheckFunctionExists.c.o -o cmTC_ff8c1 
make[2]: Leaving directory '/home/del/cpp/Tetris/build/CMakeFiles/CMakeTmp'
make[1]: Leaving directory '/home/del/cpp/Tetris/build/CMakeFiles/CMakeTmp'



Determining if the function connect exists passed with the following output:
Change Dir: /home/del/cpp/Tetris/build/CMakeFiles/CMakeTmp

Run Build Command(s):/usr/bin/make -f Makefile cmTC_57348/fast && make[1]: Entering directory '/home/del/cpp/Tetris/build/CMakeFiles/CMakeTmp'
/usr/bin/make  -f CMakeFiles/cmTC_57348.dir/build.make CMakeFiles/cmTC_57348.dir/build
make[2]: Entering directory '/home/del/cpp/Tetris/build/CMakeFiles/CMakeTmp'
Building C object CMakeFiles/cmTC_57348.dir/CheckFunctionExists.c.o
/usr/bin/clang   -fno-strict-aliasing -Werror=implicit-function-declaration -Werror=pointer-arith  -DCHECK_FUNCTION_EXISTS=connect -std=gnu99 -MD -MT CMakeFiles/cmTC_57348.dir/CheckFunctionExists.c.o -MF CMakeFiles/cmTC_57348.dir/CheckFunctionExists.c.o.d -o CMakeFiles/cmTC_57348.dir/CheckFunctionExists.c.o -c /usr/share/cmake/Modules/CheckFunctionExists.c
Linking C executable cmTC_57348
/usr/bin/cmake -E cmake_link_script CMakeFiles/cmTC_57348.dir/link.txt --verbose=1
/usr/bin/clang -fno-strict-aliasing -Werror=implicit-function-declaration -Werror=pointer-arith  -DCHECK_FUNCTION_EXISTS=connect CMakeFiles/cmTC_57348.dir/CheckFunctionExists.c.o -o cmTC_57348 
make[2]: Leaving directory '/home/del/cpp/Tetris/build/CMakeFiles/CMakeTmp'
make[1]: Leaving directory '/home/del/cpp/Tetris/build/CMakeFiles/CMakeTmp'



Determining if the function remove exists passed with the following output:
Change Dir: /home/del/cpp/Tetris/build/CMakeFiles/CMakeTmp

Run Build Command(s):/usr/bin/make -f Makefile cmTC_4808f/fast && make[1]: Entering directory '/home/del/cpp/Tetris/build/CMakeFiles/CMakeTmp'
/usr/bin/make  -f CMakeFiles/cmTC_4808f.dir/build.make CMakeFiles/cmTC_4808f.dir/build
make[2]: Entering directory '/home/del/cpp/Tetris/build/CMakeFiles/CMakeTmp'
Building C object CMakeFiles/cmTC_4808f.dir/CheckFunctionExists.c.o
/usr/bin/clang   -fno-strict-aliasing -Werror=implicit-function-declaration -Werror=pointer-arith  -DCHECK_FUNCTION_EXISTS=remove -std=gnu99 -MD -MT CMakeFiles/cmTC_4808f.dir/CheckFunctionExists.c.o -MF CMakeFiles/cmTC_4808f.dir/CheckFunctionExists.c.o.d -o CMakeFiles/cmTC_4808f.dir/CheckFunctionExists.c.o -c /usr/share/cmake/Modules/CheckFunctionExists.c
Linking C executable cmTC_4808f
/usr/bin/cmake -E cmake_link_script CMakeFiles/cmTC_4808f.dir/link.txt --verbose=1
/usr/bin/clang -fno-strict-aliasing -Werror=implicit-function-declaration -Werror=pointer-arith  -DCHECK_FUNCTION_EXISTS=remove CMakeFiles/cmTC_4808f.dir/CheckFunctionExists.c.o -o cmTC_4808f 
make[2]: Leaving directory '/home/del/cpp/Tetris/build/CMakeFiles/CMakeTmp'
make[1]: Leaving directory '/home/del/cpp/Tetris/build/CMakeFiles/CMakeTmp'



Determining if the function shmat exists passed with the following output:
Change Dir: /home/del/cpp/Tetris/build/CMakeFiles/CMakeTmp

Run Build Command(s):/usr/bin/make -f Makefile cmTC_9e64c/fast && make[1]: Entering directory '/home/del/cpp/Tetris/build/CMakeFiles/CMakeTmp'
/usr/bin/make  -f CMakeFiles/cmTC_9e64c.dir/build.make CMakeFiles/cmTC_9e64c.dir/build
make[2]: Entering directory '/home/del/cpp/Tetris/build/CMakeFiles/CMakeTmp'
Building C object CMakeFiles/cmTC_9e64c.dir/CheckFunctionExists.c.o
/usr/bin/clang   -fno-strict-aliasing -Werror=implicit-function-declaration -Werror=pointer-arith  -DCHECK_FUNCTION_EXISTS=shmat -std=gnu99 -MD -MT CMakeFiles/cmTC_9e64c.dir/CheckFunctionExists.c.o -MF CMakeFiles/cmTC_9e64c.dir/CheckFunctionExists.c.o.d -o CMakeFiles/cmTC_9e64c.dir/CheckFunctionExists.c.o -c /usr/share/cmake/Modules/CheckFunctionExists.c
Linking C executable cmTC_9e64c
/usr/bin/cmake -E cmake_link_script CMakeFiles/cmTC_9e64c.dir/link.txt --verbose=1
/usr/bin/clang -fno-strict-aliasing -Werror=implicit-function-declaration -Werror=pointer-arith  -DCHECK_FUNCTION_EXISTS=shmat CMakeFiles/cmTC_9e64c.dir/CheckFunctionExists.c.o -o cmTC_9e64c 
make[2]: Leaving directory '/home/del/cpp/Tetris/build/CMakeFiles/CMakeTmp'
make[1]: Leaving directory '/home/del/cpp/Tetris/build/CMakeFiles/CMakeTmp'



Determining if the function IceConnectionNumber exists in the ICE passed with the following output:
Change Dir: /home/del/cpp/Tetris/build/CMakeFiles/CMakeTmp

Run Build Command(s):/usr/bin/make -f Makefile cmTC_fa56b/fast && make[1]: Entering directory '/home/del/cpp/Tetris/build/CMakeFiles/CMakeTmp'
/usr/bin/make  -f CMakeFiles/cmTC_fa56b.dir/build.make CMakeFiles/cmTC_fa56b.dir/build
make[2]: Entering directory '/home/del/cpp/Tetris/build/CMakeFiles/CMakeTmp'
Building C object CMakeFiles/cmTC_fa56b.dir/CheckFunctionExists.c.o
/usr/bin/clang   -fno-strict-aliasing -Werror=implicit-function-declaration -Werror=pointer-arith  -DCHECK_FUNCTION_EXISTS=IceConnectionNumber -std=gnu99 -MD -MT CMakeFiles/cmTC_fa56b.dir/CheckFunctionExists.c.o -MF CMakeFiles/cmTC_fa56b.dir/CheckFunctionExists.c.o.d -o CMakeFiles/cmTC_fa56b.dir/CheckFunctionExists.c.o -c /usr/share/cmake/Modules/CheckFunctionExists.c
Linking C executable cmTC_fa56b
/usr/bin/cmake -E cmake_link_script CMakeFiles/cmTC_fa56b.dir/link.txt --verbose=1
/usr/bin/clang -fno-strict-aliasing -Werror=implicit-function-declaration -Werror=pointer-arith  -DCHECK_FUNCTION_EXISTS=IceConnectionNumber CMakeFiles/cmTC_fa56b.dir/CheckFunctionExists.c.o -o cmTC_fa56b  -lICE 
make[2]: Leaving directory '/home/del/cpp/Tetris/build/CMakeFiles/CMakeTmp'
make[1]: Leaving directory '/home/del/cpp/Tetris/build/CMakeFiles/CMakeTmp'



